C:\PROJECTS\RENDER2\RENDER2\DEBUG\MAIN.OBJ
C:\PROJECTS\RENDER2\RENDER2\DEBUG\OBJECT.OBJ
C:\PROJECTS\RENDER2\RENDER2\DEBUG\PARAMS.OBJ
C:\PROJECTS\RENDER2\RENDER2\DEBUG\PPM_IMAGE.OBJ
C:\PROJECTS\RENDER2\RENDER2\DEBUG\RASTERIZER.OBJ
C:\PROJECTS\RENDER2\RENDER2\DEBUG\SCENE.OBJ
C:\PROJECTS\RENDER2\RENDER2\DEBUG\VC110.PDB
C:\PROJECTS\RENDER2\DEBUG\RENDER2.ILK
C:\PROJECTS\RENDER2\DEBUG\RENDER2.EXE
C:\PROJECTS\RENDER2\DEBUG\RENDER2.PDB
C:\Projects\Render2\Render2\Debug\main.obj
C:\Projects\Render2\Render2\Debug\object.obj
C:\Projects\Render2\Render2\Debug\params.obj
C:\Projects\Render2\Render2\Debug\ppm_image.obj
C:\Projects\Render2\Render2\Debug\rasterizer.obj
C:\Projects\Render2\Render2\Debug\scene.obj
C:\Projects\Render2\Render2\Debug\cl.command.1.tlog
C:\Projects\Render2\Render2\Debug\CL.read.1.tlog
C:\Projects\Render2\Render2\Debug\CL.write.1.tlog
C:\Projects\Render2\Render2\Debug\link-cvtres.read.1.tlog
C:\Projects\Render2\Render2\Debug\link-cvtres.write.1.tlog
C:\Projects\Render2\Render2\Debug\link-rc.read.1.tlog
C:\Projects\Render2\Render2\Debug\link-rc.write.1.tlog
C:\Projects\Render2\Render2\Debug\link.command.1.tlog
C:\Projects\Render2\Render2\Debug\link.read.1.tlog
C:\Projects\Render2\Render2\Debug\link.write.1.tlog
C:\Projects\Render2\Render2\Debug\vc110.idb
C:\Projects\Render2\Render2\Debug\vc110.pdb
C:\Projects\Render2\Debug\Render2.pdb
C:\Projects\Render2\Debug\Render2.exe
C:\Projects\Render2\Debug\Render2.ilk
