Build started 7/14/2017 2:14:04 PM.
     1>Project "C:\Projects\Render2\Render2\Render2.vcxproj" on node 2 (Build target(s)).
     1>ClCompile:
         C:\Program Files (x86)\Microsoft Visual Studio 11.0\VC\bin\CL.exe /c /ZI /nologo /W3 /WX- /Od /Oy- /D _MBCS /Gm /EHsc /RTC1 /MDd /GS /fp:precise /Zc:wchar_t /Zc:forScope /Fo"Debug\\" /Fd"Debug\vc110.pdb" /Gd /TP /analyze- /errorReport:prompt scene.cpp util.cpp
         util.cpp
         scene.cpp
     1>c:\projects\render2\render2\scene.cpp(364): warning C4244: 'argument' : conversion from 'time_t' to 'unsigned int', possible loss of data
         Generating Code...
       Link:
         C:\Program Files (x86)\Microsoft Visual Studio 11.0\VC\bin\link.exe /ERRORREPORT:PROMPT /OUT:"C:\Projects\Render2\Debug\Render2.exe" /INCREMENTAL /NOLOGO kernel32.lib user32.lib gdi32.lib winspool.lib comdlg32.lib advapi32.lib shell32.lib ole32.lib oleaut32.lib uuid.lib odbc32.lib odbccp32.lib /MANIFEST /MANIFESTUAC:"level='asInvoker' uiAccess='false'" /manifest:embed /DEBUG /PDB:"C:\Projects\Render2\Debug\Render2.pdb" /TLBID:1 /DYNAMICBASE /NXCOMPAT /IMPLIB:"C:\Projects\Render2\Debug\Render2.lib" /MACHINE:X86 Debug\aabb.obj
         Debug\main.obj
         Debug\object.obj
         Debug\params.obj
         Debug\ppm_image.obj
         Debug\quad.obj
         Debug\rasterizer.obj
         Debug\scene.obj
         Debug\shader.obj
         Debug\sphere.obj
         Debug\util.obj
         Render2.vcxproj -> C:\Projects\Render2\Debug\Render2.exe
     1>Done Building Project "C:\Projects\Render2\Render2\Render2.vcxproj" (Build target(s)).

Build succeeded.

Time Elapsed 00:00:00.94
