C:\PROJECTS\RAYTRACER\RENDER2\X64\DEBUG\AABB.OBJ
C:\PROJECTS\RAYTRACER\RENDER2\X64\DEBUG\MAIN.OBJ
C:\PROJECTS\RAYTRACER\RENDER2\X64\DEBUG\OBJECT.OBJ
C:\PROJECTS\RAYTRACER\RENDER2\X64\DEBUG\PARAMS.OBJ
C:\PROJECTS\RAYTRACER\RENDER2\X64\DEBUG\PPM_IMAGE.OBJ
C:\PROJECTS\RAYTRACER\RENDER2\X64\DEBUG\QUAD.OBJ
C:\PROJECTS\RAYTRACER\RENDER2\X64\DEBUG\RADIOSITY.OBJ
C:\PROJECTS\RAYTRACER\RENDER2\X64\DEBUG\RADIOSITY_HELPER.OBJ
C:\PROJECTS\RAYTRACER\RENDER2\X64\DEBUG\RASTERIZER.OBJ
C:\PROJECTS\RAYTRACER\RENDER2\X64\DEBUG\SCENE.OBJ
C:\PROJECTS\RAYTRACER\RENDER2\X64\DEBUG\SHADER.OBJ
C:\PROJECTS\RAYTRACER\RENDER2\X64\DEBUG\SPHERE.OBJ
C:\PROJECTS\RAYTRACER\RENDER2\X64\DEBUG\UTIL.OBJ
C:\PROJECTS\RAYTRACER\RENDER2\X64\DEBUG\VC110.PDB
C:\PROJECTS\RAYTRACER\RENDER2\X64\DEBUG\QUADLIGHT.OBJ
C:\PROJECTS\RAYTRACER\RENDER2\X64\DEBUG\SPHERELIGHT.OBJ
C:\PROJECTS\RAYTRACER\X64\DEBUG\RAYTRACERPROJECT.ILK
C:\PROJECTS\RAYTRACER\X64\DEBUG\RAYTRACERPROJECT.EXE
C:\PROJECTS\RAYTRACER\X64\DEBUG\RAYTRACERPROJECT.PDB
C:\Projects\RayTracer\Render2\x64\Debug\aabb.obj
C:\Projects\RayTracer\Render2\x64\Debug\main.obj
C:\Projects\RayTracer\Render2\x64\Debug\object.obj
C:\Projects\RayTracer\Render2\x64\Debug\params.obj
C:\Projects\RayTracer\Render2\x64\Debug\ppm_image.obj
C:\Projects\RayTracer\Render2\x64\Debug\quad.obj
C:\Projects\RayTracer\Render2\x64\Debug\quadlight.obj
C:\Projects\RayTracer\Render2\x64\Debug\radiosity.obj
C:\Projects\RayTracer\Render2\x64\Debug\radiosity_helper.obj
C:\Projects\RayTracer\Render2\x64\Debug\rasterizer.obj
C:\Projects\RayTracer\Render2\x64\Debug\scene.obj
C:\Projects\RayTracer\Render2\x64\Debug\shader.obj
C:\Projects\RayTracer\Render2\x64\Debug\sphere.obj
C:\Projects\RayTracer\Render2\x64\Debug\spherelight.obj
C:\Projects\RayTracer\Render2\x64\Debug\util.obj
C:\Projects\RayTracer\Render2\x64\Debug\cl.command.1.tlog
C:\Projects\RayTracer\Render2\x64\Debug\CL.read.1.tlog
C:\Projects\RayTracer\Render2\x64\Debug\CL.write.1.tlog
C:\Projects\RayTracer\Render2\x64\Debug\link-cvtres.read.1.tlog
C:\Projects\RayTracer\Render2\x64\Debug\link-cvtres.write.1.tlog
C:\Projects\RayTracer\Render2\x64\Debug\link-rc.read.1.tlog
C:\Projects\RayTracer\Render2\x64\Debug\link-rc.write.1.tlog
C:\Projects\RayTracer\Render2\x64\Debug\link.13168-cvtres.read.1.tlog
C:\Projects\RayTracer\Render2\x64\Debug\link.13168-cvtres.write.1.tlog
C:\Projects\RayTracer\Render2\x64\Debug\link.13168-rc.read.1.tlog
C:\Projects\RayTracer\Render2\x64\Debug\link.13168-rc.write.1.tlog
C:\Projects\RayTracer\Render2\x64\Debug\link.13168.read.1.tlog
C:\Projects\RayTracer\Render2\x64\Debug\link.13168.read.2.tlog
C:\Projects\RayTracer\Render2\x64\Debug\link.13168.write.1.tlog
C:\Projects\RayTracer\Render2\x64\Debug\link.1324-cvtres.read.1.tlog
C:\Projects\RayTracer\Render2\x64\Debug\link.1324-cvtres.write.1.tlog
C:\Projects\RayTracer\Render2\x64\Debug\link.1324-rc.read.1.tlog
C:\Projects\RayTracer\Render2\x64\Debug\link.1324-rc.write.1.tlog
C:\Projects\RayTracer\Render2\x64\Debug\link.1324.read.1.tlog
C:\Projects\RayTracer\Render2\x64\Debug\link.1324.read.2.tlog
C:\Projects\RayTracer\Render2\x64\Debug\link.1324.write.1.tlog
C:\Projects\RayTracer\Render2\x64\Debug\link.14800.read.1.tlog
C:\Projects\RayTracer\Render2\x64\Debug\link.14800.write.1.tlog
C:\Projects\RayTracer\Render2\x64\Debug\link.2096-cvtres.read.1.tlog
C:\Projects\RayTracer\Render2\x64\Debug\link.2096-cvtres.write.1.tlog
C:\Projects\RayTracer\Render2\x64\Debug\link.2096-rc.read.1.tlog
C:\Projects\RayTracer\Render2\x64\Debug\link.2096-rc.write.1.tlog
C:\Projects\RayTracer\Render2\x64\Debug\link.2096.read.1.tlog
C:\Projects\RayTracer\Render2\x64\Debug\link.2096.read.2.tlog
C:\Projects\RayTracer\Render2\x64\Debug\link.2096.write.1.tlog
C:\Projects\RayTracer\Render2\x64\Debug\link.2520-cvtres.read.1.tlog
C:\Projects\RayTracer\Render2\x64\Debug\link.2520-cvtres.write.1.tlog
C:\Projects\RayTracer\Render2\x64\Debug\link.2520-rc.read.1.tlog
C:\Projects\RayTracer\Render2\x64\Debug\link.2520-rc.write.1.tlog
C:\Projects\RayTracer\Render2\x64\Debug\link.2520.read.1.tlog
C:\Projects\RayTracer\Render2\x64\Debug\link.2520.read.3.tlog
C:\Projects\RayTracer\Render2\x64\Debug\link.2520.write.1.tlog
C:\Projects\RayTracer\Render2\x64\Debug\link.292-cvtres.read.1.tlog
C:\Projects\RayTracer\Render2\x64\Debug\link.292-cvtres.write.1.tlog
C:\Projects\RayTracer\Render2\x64\Debug\link.292-rc.read.1.tlog
C:\Projects\RayTracer\Render2\x64\Debug\link.292-rc.write.1.tlog
C:\Projects\RayTracer\Render2\x64\Debug\link.292.read.1.tlog
C:\Projects\RayTracer\Render2\x64\Debug\link.292.read.2.tlog
C:\Projects\RayTracer\Render2\x64\Debug\link.292.write.1.tlog
C:\Projects\RayTracer\Render2\x64\Debug\link.3352-cvtres.read.1.tlog
C:\Projects\RayTracer\Render2\x64\Debug\link.3352-cvtres.write.1.tlog
C:\Projects\RayTracer\Render2\x64\Debug\link.3352-rc.read.1.tlog
C:\Projects\RayTracer\Render2\x64\Debug\link.3352-rc.write.1.tlog
C:\Projects\RayTracer\Render2\x64\Debug\link.3352.read.1.tlog
C:\Projects\RayTracer\Render2\x64\Debug\link.3352.write.1.tlog
C:\Projects\RayTracer\Render2\x64\Debug\link.4160-cvtres.read.1.tlog
C:\Projects\RayTracer\Render2\x64\Debug\link.4160-cvtres.write.1.tlog
C:\Projects\RayTracer\Render2\x64\Debug\link.4160-rc.read.1.tlog
C:\Projects\RayTracer\Render2\x64\Debug\link.4160-rc.write.1.tlog
C:\Projects\RayTracer\Render2\x64\Debug\link.4160.read.1.tlog
C:\Projects\RayTracer\Render2\x64\Debug\link.4160.read.4.tlog
C:\Projects\RayTracer\Render2\x64\Debug\link.4160.write.1.tlog
C:\Projects\RayTracer\Render2\x64\Debug\link.4432-cvtres.read.1.tlog
C:\Projects\RayTracer\Render2\x64\Debug\link.4432-cvtres.write.1.tlog
C:\Projects\RayTracer\Render2\x64\Debug\link.4432-rc.read.1.tlog
C:\Projects\RayTracer\Render2\x64\Debug\link.4432-rc.write.1.tlog
C:\Projects\RayTracer\Render2\x64\Debug\link.4432.read.1.tlog
C:\Projects\RayTracer\Render2\x64\Debug\link.4432.read.3.tlog
C:\Projects\RayTracer\Render2\x64\Debug\link.4432.write.1.tlog
C:\Projects\RayTracer\Render2\x64\Debug\link.5076-cvtres.read.1.tlog
C:\Projects\RayTracer\Render2\x64\Debug\link.5076-cvtres.write.1.tlog
C:\Projects\RayTracer\Render2\x64\Debug\link.5076-rc.read.1.tlog
C:\Projects\RayTracer\Render2\x64\Debug\link.5076-rc.write.1.tlog
C:\Projects\RayTracer\Render2\x64\Debug\link.5076.read.1.tlog
C:\Projects\RayTracer\Render2\x64\Debug\link.5076.read.3.tlog
C:\Projects\RayTracer\Render2\x64\Debug\link.5076.write.1.tlog
C:\Projects\RayTracer\Render2\x64\Debug\link.5308-cvtres.read.1.tlog
C:\Projects\RayTracer\Render2\x64\Debug\link.5308-cvtres.write.1.tlog
C:\Projects\RayTracer\Render2\x64\Debug\link.5308-rc.read.1.tlog
C:\Projects\RayTracer\Render2\x64\Debug\link.5308-rc.write.1.tlog
C:\Projects\RayTracer\Render2\x64\Debug\link.5308.read.1.tlog
C:\Projects\RayTracer\Render2\x64\Debug\link.5308.read.3.tlog
C:\Projects\RayTracer\Render2\x64\Debug\link.5308.write.1.tlog
C:\Projects\RayTracer\Render2\x64\Debug\link.6464-cvtres.read.1.tlog
C:\Projects\RayTracer\Render2\x64\Debug\link.6464-cvtres.write.1.tlog
C:\Projects\RayTracer\Render2\x64\Debug\link.6464-rc.read.1.tlog
C:\Projects\RayTracer\Render2\x64\Debug\link.6464-rc.write.1.tlog
C:\Projects\RayTracer\Render2\x64\Debug\link.6464.read.1.tlog
C:\Projects\RayTracer\Render2\x64\Debug\link.6464.read.4.tlog
C:\Projects\RayTracer\Render2\x64\Debug\link.6464.write.1.tlog
C:\Projects\RayTracer\Render2\x64\Debug\link.7460-cvtres.read.1.tlog
C:\Projects\RayTracer\Render2\x64\Debug\link.7460-cvtres.write.1.tlog
C:\Projects\RayTracer\Render2\x64\Debug\link.7460-rc.read.1.tlog
C:\Projects\RayTracer\Render2\x64\Debug\link.7460-rc.write.1.tlog
C:\Projects\RayTracer\Render2\x64\Debug\link.7460.read.1.tlog
C:\Projects\RayTracer\Render2\x64\Debug\link.7460.read.3.tlog
C:\Projects\RayTracer\Render2\x64\Debug\link.7460.write.1.tlog
C:\Projects\RayTracer\Render2\x64\Debug\link.8396-cvtres.read.1.tlog
C:\Projects\RayTracer\Render2\x64\Debug\link.8396-cvtres.write.1.tlog
C:\Projects\RayTracer\Render2\x64\Debug\link.8396-rc.read.1.tlog
C:\Projects\RayTracer\Render2\x64\Debug\link.8396-rc.write.1.tlog
C:\Projects\RayTracer\Render2\x64\Debug\link.8396.read.1.tlog
C:\Projects\RayTracer\Render2\x64\Debug\link.8396.read.2.tlog
C:\Projects\RayTracer\Render2\x64\Debug\link.8396.write.1.tlog
C:\Projects\RayTracer\Render2\x64\Debug\link.8944-cvtres.read.1.tlog
C:\Projects\RayTracer\Render2\x64\Debug\link.8944-cvtres.write.1.tlog
C:\Projects\RayTracer\Render2\x64\Debug\link.8944-rc.read.1.tlog
C:\Projects\RayTracer\Render2\x64\Debug\link.8944-rc.write.1.tlog
C:\Projects\RayTracer\Render2\x64\Debug\link.8944.read.1.tlog
C:\Projects\RayTracer\Render2\x64\Debug\link.8944.read.2.tlog
C:\Projects\RayTracer\Render2\x64\Debug\link.8944.write.1.tlog
C:\Projects\RayTracer\Render2\x64\Debug\link.9016-cvtres.read.1.tlog
C:\Projects\RayTracer\Render2\x64\Debug\link.9016-cvtres.write.1.tlog
C:\Projects\RayTracer\Render2\x64\Debug\link.9016-rc.read.1.tlog
C:\Projects\RayTracer\Render2\x64\Debug\link.9016-rc.write.1.tlog
C:\Projects\RayTracer\Render2\x64\Debug\link.9016.read.1.tlog
C:\Projects\RayTracer\Render2\x64\Debug\link.9016.read.4.tlog
C:\Projects\RayTracer\Render2\x64\Debug\link.9016.write.1.tlog
C:\Projects\RayTracer\Render2\x64\Debug\link.9144-cvtres.read.1.tlog
C:\Projects\RayTracer\Render2\x64\Debug\link.9144-cvtres.write.1.tlog
C:\Projects\RayTracer\Render2\x64\Debug\link.9144-rc.read.1.tlog
C:\Projects\RayTracer\Render2\x64\Debug\link.9144-rc.write.1.tlog
C:\Projects\RayTracer\Render2\x64\Debug\link.9144.read.1.tlog
C:\Projects\RayTracer\Render2\x64\Debug\link.9144.read.5.tlog
C:\Projects\RayTracer\Render2\x64\Debug\link.9144.write.1.tlog
C:\Projects\RayTracer\Render2\x64\Debug\link.956-cvtres.read.1.tlog
C:\Projects\RayTracer\Render2\x64\Debug\link.956-cvtres.write.1.tlog
C:\Projects\RayTracer\Render2\x64\Debug\link.956-rc.read.1.tlog
C:\Projects\RayTracer\Render2\x64\Debug\link.956-rc.write.1.tlog
C:\Projects\RayTracer\Render2\x64\Debug\link.956.read.1.tlog
C:\Projects\RayTracer\Render2\x64\Debug\link.956.read.4.tlog
C:\Projects\RayTracer\Render2\x64\Debug\link.956.write.1.tlog
C:\Projects\RayTracer\Render2\x64\Debug\link.command.1.tlog
C:\Projects\RayTracer\Render2\x64\Debug\link.read.1.tlog
C:\Projects\RayTracer\Render2\x64\Debug\link.write.1.tlog
C:\Projects\RayTracer\Render2\x64\Debug\vc110.idb
C:\Projects\RayTracer\Render2\x64\Debug\vc110.pdb
C:\Projects\RayTracer\x64\Debug\RayTracerProject.pdb
C:\Projects\RayTracer\x64\Debug\RayTracerProject.exe
C:\Projects\RayTracer\x64\Debug\RayTracerProject.ilk
