C:\PROJECTS\RENDER2\RENDER2\X64\DEBUG\AABB.OBJ
C:\PROJECTS\RENDER2\RENDER2\X64\DEBUG\MAIN.OBJ
C:\PROJECTS\RENDER2\RENDER2\X64\DEBUG\OBJECT.OBJ
C:\PROJECTS\RENDER2\RENDER2\X64\DEBUG\PARAMS.OBJ
C:\PROJECTS\RENDER2\RENDER2\X64\DEBUG\PPM_IMAGE.OBJ
C:\PROJECTS\RENDER2\RENDER2\X64\DEBUG\QUAD.OBJ
C:\PROJECTS\RENDER2\RENDER2\X64\DEBUG\RASTERIZER.OBJ
C:\PROJECTS\RENDER2\RENDER2\X64\DEBUG\SCENE.OBJ
C:\PROJECTS\RENDER2\RENDER2\X64\DEBUG\SHADER.OBJ
C:\PROJECTS\RENDER2\RENDER2\X64\DEBUG\SPHERE.OBJ
C:\PROJECTS\RENDER2\RENDER2\X64\DEBUG\UTIL.OBJ
C:\PROJECTS\RENDER2\RENDER2\X64\DEBUG\VC110.PDB
C:\PROJECTS\RENDER2\X64\DEBUG\RENDER2.ILK
C:\PROJECTS\RENDER2\X64\DEBUG\RENDER2.EXE
C:\PROJECTS\RENDER2\X64\DEBUG\RENDER2.PDB
C:\Projects\Render2\Render2\x64\Debug\aabb.obj
C:\Projects\Render2\Render2\x64\Debug\main.obj
C:\Projects\Render2\Render2\x64\Debug\object.obj
C:\Projects\Render2\Render2\x64\Debug\params.obj
C:\Projects\Render2\Render2\x64\Debug\ppm_image.obj
C:\Projects\Render2\Render2\x64\Debug\quad.obj
C:\Projects\Render2\Render2\x64\Debug\rasterizer.obj
C:\Projects\Render2\Render2\x64\Debug\scene.obj
C:\Projects\Render2\Render2\x64\Debug\shader.obj
C:\Projects\Render2\Render2\x64\Debug\sphere.obj
C:\Projects\Render2\Render2\x64\Debug\util.obj
C:\Projects\Render2\Render2\x64\Debug\cl.command.1.tlog
C:\Projects\Render2\Render2\x64\Debug\CL.read.1.tlog
C:\Projects\Render2\Render2\x64\Debug\CL.write.1.tlog
C:\Projects\Render2\Render2\x64\Debug\link-cvtres.read.1.tlog
C:\Projects\Render2\Render2\x64\Debug\link-cvtres.write.1.tlog
C:\Projects\Render2\Render2\x64\Debug\link-rc.read.1.tlog
C:\Projects\Render2\Render2\x64\Debug\link-rc.write.1.tlog
C:\Projects\Render2\Render2\x64\Debug\link.command.1.tlog
C:\Projects\Render2\Render2\x64\Debug\link.read.1.tlog
C:\Projects\Render2\Render2\x64\Debug\link.write.1.tlog
C:\Projects\Render2\Render2\x64\Debug\vc110.idb
C:\Projects\Render2\Render2\x64\Debug\vc110.pdb
C:\Projects\Render2\x64\Debug\Render2.pdb
C:\Projects\Render2\x64\Debug\Render2.exe
C:\Projects\Render2\x64\Debug\Render2.ilk
