  scene.cpp
C:\Users\karratdev\Projects\RayTracer\Render2\ray.h(92,58): warning C4100: 'eta1_over_eta2': unreferenced formal parameter
C:\Users\karratdev\Projects\RayTracer\Render2\ray_tracer.h(293,87): warning C4100: 'n': unreferenced formal parameter
C:\Users\karratdev\Projects\RayTracer\Render2\ray_tracer.h(293,69): warning C4100: 'samples': unreferenced formal parameter
C:\Users\karratdev\Projects\RayTracer\Render2\ray_tracer.h(293,58): warning C4100: 'N': unreferenced formal parameter
C:\Users\karratdev\Projects\RayTracer\Render2\ray_tracer.h(293,43): warning C4100: 'P': unreferenced formal parameter
C:\Users\karratdev\Projects\RayTracer\Render2\ray_tracer.h(426,24): warning C4100: '_oN': unreferenced formal parameter
C:\Users\karratdev\Projects\RayTracer\Render2\ray_tracer.h(426,48): warning C4189: 'temp': local variable is initialized but not referenced
C:\Users\karratdev\Projects\RayTracer\Render2\util.h(42,39): warning C4100: 'obj': unreferenced formal parameter
C:\Users\karratdev\Projects\RayTracer\Render2\util.h(47,40): warning C4100: 'obj': unreferenced formal parameter
C:\Users\karratdev\Projects\RayTracer\Render2\scene.cpp(489,10): warning C4244: 'initializing': conversion from 'double' to 'int', possible loss of data
C:\Users\karratdev\Projects\RayTracer\Render2\scene.cpp(572,26): warning C4456: declaration of 'rd' hides previous local declaration
C:\Users\karratdev\Projects\RayTracer\Render2\scene.cpp(544,22): message : see declaration of 'rd'
C:\Users\karratdev\Projects\RayTracer\Render2\scene.cpp(573,26): warning C4456: declaration of 'gen' hides previous local declaration
C:\Users\karratdev\Projects\RayTracer\Render2\scene.cpp(545,16): message : see declaration of 'gen'
C:\Users\karratdev\Projects\RayTracer\Render2\scene.cpp(574,45): warning C4456: declaration of 'dis' hides previous local declaration
C:\Users\karratdev\Projects\RayTracer\Render2\scene.cpp(546,35): message : see declaration of 'dis'
C:\Users\karratdev\Projects\RayTracer\Render2\scene.cpp(535): warning C4702: unreachable code
C:\Users\karratdev\Projects\RayTracer\Render2\ray.h(63): warning C4702: unreachable code
  Render2.vcxproj -> C:\Users\karratdev\Projects\RayTracer\x64\Debug\RayTracerProject.exe
