C:\PROJECTS\RAYTRACER\RENDER2\X64\RELEASE\UTIL.OBJ
C:\PROJECTS\RAYTRACER\RENDER2\X64\RELEASE\SPHERE.OBJ
C:\PROJECTS\RAYTRACER\RENDER2\X64\RELEASE\SHADER.OBJ
C:\PROJECTS\RAYTRACER\RENDER2\X64\RELEASE\SCENE.OBJ
C:\PROJECTS\RAYTRACER\RENDER2\X64\RELEASE\RASTERIZER.OBJ
C:\PROJECTS\RAYTRACER\RENDER2\X64\RELEASE\RADIOSITY_HELPER.OBJ
C:\PROJECTS\RAYTRACER\RENDER2\X64\RELEASE\RADIOSITY.OBJ
C:\PROJECTS\RAYTRACER\RENDER2\X64\RELEASE\QUAD.OBJ
C:\PROJECTS\RAYTRACER\RENDER2\X64\RELEASE\PPM_IMAGE.OBJ
C:\PROJECTS\RAYTRACER\RENDER2\X64\RELEASE\PARAMS.OBJ
C:\PROJECTS\RAYTRACER\RENDER2\X64\RELEASE\OBJECT.OBJ
C:\PROJECTS\RAYTRACER\RENDER2\X64\RELEASE\MAIN.OBJ
C:\PROJECTS\RAYTRACER\RENDER2\X64\RELEASE\AABB.OBJ
C:\PROJECTS\RAYTRACER\RENDER2\X64\RELEASE\VC110.PDB
C:\PROJECTS\RAYTRACER\X64\RELEASE\RAYTRACERPROJECT.EXE
C:\PROJECTS\RAYTRACER\X64\RELEASE\RAYTRACERPROJECT.PDB
C:\Projects\RayTracer\Render2\x64\Release\aabb.obj
C:\Projects\RayTracer\Render2\x64\Release\main.obj
C:\Projects\RayTracer\Render2\x64\Release\object.obj
C:\Projects\RayTracer\Render2\x64\Release\params.obj
C:\Projects\RayTracer\Render2\x64\Release\ppm_image.obj
C:\Projects\RayTracer\Render2\x64\Release\quad.obj
C:\Projects\RayTracer\Render2\x64\Release\radiosity.obj
C:\Projects\RayTracer\Render2\x64\Release\radiosity_helper.obj
C:\Projects\RayTracer\Render2\x64\Release\rasterizer.obj
C:\Projects\RayTracer\Render2\x64\Release\scene.obj
C:\Projects\RayTracer\Render2\x64\Release\shader.obj
C:\Projects\RayTracer\Render2\x64\Release\sphere.obj
C:\Projects\RayTracer\Render2\x64\Release\util.obj
C:\Projects\RayTracer\Render2\x64\Release\cl.command.1.tlog
C:\Projects\RayTracer\Render2\x64\Release\CL.read.1.tlog
C:\Projects\RayTracer\Render2\x64\Release\CL.write.1.tlog
C:\Projects\RayTracer\Render2\x64\Release\link-cvtres.read.1.tlog
C:\Projects\RayTracer\Render2\x64\Release\link-cvtres.write.1.tlog
C:\Projects\RayTracer\Render2\x64\Release\link-rc.read.1.tlog
C:\Projects\RayTracer\Render2\x64\Release\link-rc.write.1.tlog
C:\Projects\RayTracer\Render2\x64\Release\link.command.1.tlog
C:\Projects\RayTracer\Render2\x64\Release\link.read.1.tlog
C:\Projects\RayTracer\Render2\x64\Release\link.write.1.tlog
C:\Projects\RayTracer\Render2\x64\Release\vc110.pdb
C:\Projects\RayTracer\x64\Release\RayTracerProject.pdb
C:\Projects\RayTracer\x64\Release\RayTracerProject.exe
