Build started 6/21/2019 12:04:00 AM.
     1>Project "C:\Projects\RayTracer\Render2\Render2.vcxproj" on node 2 (Build target(s)).
     1>ClCompile:
         C:\Program Files (x86)\Microsoft Visual Studio 11.0\VC\bin\x86_amd64\CL.exe /c /Zi /nologo /W3 /WX- /O2 /Oi /Ot /GT /GL /D _MBCS /Gm- /EHsc /MD /GS /Gy /fp:precise /Zc:wchar_t /Zc:forScope /Fo"x64\Release\\" /Fd"x64\Release\vc110.pdb" /Gd /TP /errorReport:prompt shader.cpp
         shader.cpp
       Link:
         C:\Program Files (x86)\Microsoft Visual Studio 11.0\VC\bin\x86_amd64\link.exe /ERRORREPORT:PROMPT /OUT:"C:\Projects\RayTracer\x64\Release\RayTracerProject.exe" /NOLOGO kernel32.lib user32.lib gdi32.lib winspool.lib comdlg32.lib advapi32.lib shell32.lib ole32.lib oleaut32.lib uuid.lib odbc32.lib odbccp32.lib /MANIFEST /MANIFESTUAC:"level='asInvoker' uiAccess='false'" /manifest:embed /PDB:"C:\Projects\RayTracer\x64\Release\RayTracerProject.pdb" /OPT:REF /OPT:ICF /LTCG /TLBID:1 /DYNAMICBASE /NXCOMPAT /IMPLIB:"C:\Projects\RayTracer\x64\Release\RayTracerProject.lib" /MACHINE:X64 x64\Release\aabb.obj
         x64\Release\main.obj
         x64\Release\object.obj
         x64\Release\params.obj
         x64\Release\ppm_image.obj
         x64\Release\quad.obj
         x64\Release\radiosity.obj
         x64\Release\radiosity_helper.obj
         x64\Release\rasterizer.obj
         x64\Release\scene.obj
         x64\Release\shader.obj
         x64\Release\sphere.obj
         x64\Release\util.obj
         Generating code
         Finished generating code
         Render2.vcxproj -> C:\Projects\RayTracer\x64\Release\RayTracerProject.exe
     1>Done Building Project "C:\Projects\RayTracer\Render2\Render2.vcxproj" (Build target(s)).

Build succeeded.

Time Elapsed 00:00:02.18
